{"/Volumes/Macintosh HD/GB/ GB_1888_1783/fp/.eslintrc.js": {"path":"/Volumes/Macintosh HD/GB/ GB_1888_1783/fp/.eslintrc.js","statementMap":{"0":{"start":{"line":1,"column":0},"end":{"line":17,"column":1}}},"fnMap":{},"branchMap":{"0":{"loc":{"start":{"line":14,"column":18},"end":{"line":14,"column":72}},"type":"cond-expr","locations":[{"start":{"line":14,"column":58},"end":{"line":14,"column":64}},{"start":{"line":14,"column":67},"end":{"line":14,"column":72}}],"line":14},"1":{"loc":{"start":{"line":15,"column":19},"end":{"line":15,"column":73}},"type":"cond-expr","locations":[{"start":{"line":15,"column":59},"end":{"line":15,"column":65}},{"start":{"line":15,"column":68},"end":{"line":15,"column":73}}],"line":15}},"s":{"0":0},"f":{},"b":{"0":[0,0],"1":[0,0]}}
,"/Volumes/Macintosh HD/GB/ GB_1888_1783/fp/babel.config.js": {"path":"/Volumes/Macintosh HD/GB/ GB_1888_1783/fp/babel.config.js","statementMap":{"0":{"start":{"line":1,"column":0},"end":{"line":5,"column":1}}},"fnMap":{},"branchMap":{},"s":{"0":0},"f":{},"b":{}}
,"/Volumes/Macintosh HD/GB/ GB_1888_1783/fp/src/App.vue": {"path":"/Volumes/Macintosh HD/GB/ GB_1888_1783/fp/src/App.vue","statementMap":{"0":{"start":{"line":21,"column":0},"end":{"line":21,"column":null}}},"fnMap":{},"branchMap":{},"s":{"0":0},"f":{},"b":{}}
,"/Volumes/Macintosh HD/GB/ GB_1888_1783/fp/src/main.js": {"path":"/Volumes/Macintosh HD/GB/ GB_1888_1783/fp/src/main.js","statementMap":{"0":{"start":{"line":8,"column":0},"end":{"line":8,"column":32}},"1":{"start":{"line":9,"column":0},"end":{"line":9,"column":14}},"2":{"start":{"line":10,"column":0},"end":{"line":10,"column":20}},"3":{"start":{"line":13,"column":0},"end":{"line":17,"column":17}},"4":{"start":{"line":16,"column":15},"end":{"line":16,"column":21}}},"fnMap":{"0":{"name":"(anonymous_0)","decl":{"start":{"line":16,"column":10},"end":{"line":16,"column":11}},"loc":{"start":{"line":16,"column":15},"end":{"line":16,"column":21}},"line":16}},"branchMap":{},"s":{"0":0,"1":0,"2":0,"3":0,"4":0},"f":{"0":0},"b":{}}
,"/Volumes/Macintosh HD/GB/ GB_1888_1783/fp/src/components/TestVuexComponent.vue": {"path":"/Volumes/Macintosh HD/GB/ GB_1888_1783/fp/src/components/TestVuexComponent.vue","statementMap":{"0":{"start":{"line":9,"column":0},"end":{"line":9,"column":null}}},"fnMap":{},"branchMap":{},"s":{"0":1},"f":{},"b":{}}
,"/Volumes/Macintosh HD/GB/ GB_1888_1783/fp/src/plugins/ContextMenu/index.js": {"path":"/Volumes/Macintosh HD/GB/ GB_1888_1783/fp/src/plugins/ContextMenu/index.js","statementMap":{"0":{"start":{"line":3,"column":4},"end":{"line":5,"column":5}},"1":{"start":{"line":4,"column":6},"end":{"line":4,"column":12}},"2":{"start":{"line":6,"column":4},"end":{"line":6,"column":25}},"3":{"start":{"line":7,"column":4},"end":{"line":7,"column":22}},"4":{"start":{"line":9,"column":4},"end":{"line":28,"column":5}},"5":{"start":{"line":14,"column":23},"end":{"line":14,"column":35}},"6":{"start":{"line":15,"column":8},"end":{"line":20,"column":9}},"7":{"start":{"line":16,"column":10},"end":{"line":16,"column":30}},"8":{"start":{"line":17,"column":10},"end":{"line":17,"column":54}},"9":{"start":{"line":19,"column":10},"end":{"line":19,"column":21}},"10":{"start":{"line":25,"column":8},"end":{"line":25,"column":26}},"11":{"start":{"line":26,"column":8},"end":{"line":26,"column":35}}},"fnMap":{"0":{"name":"(anonymous_0)","decl":{"start":{"line":2,"column":2},"end":{"line":2,"column":3}},"loc":{"start":{"line":2,"column":15},"end":{"line":29,"column":3}},"line":2},"1":{"name":"(anonymous_1)","decl":{"start":{"line":12,"column":6},"end":{"line":12,"column":7}},"loc":{"start":{"line":12,"column":27},"end":{"line":22,"column":7}},"line":12},"2":{"name":"(anonymous_2)","decl":{"start":{"line":24,"column":6},"end":{"line":24,"column":7}},"loc":{"start":{"line":24,"column":13},"end":{"line":27,"column":7}},"line":24}},"branchMap":{"0":{"loc":{"start":{"line":3,"column":4},"end":{"line":5,"column":5}},"type":"if","locations":[{"start":{"line":3,"column":4},"end":{"line":5,"column":5}},{"start":{},"end":{}}],"line":3},"1":{"loc":{"start":{"line":15,"column":8},"end":{"line":20,"column":9}},"type":"if","locations":[{"start":{"line":15,"column":8},"end":{"line":20,"column":9}},{"start":{"line":18,"column":14},"end":{"line":20,"column":9}}],"line":15}},"s":{"0":0,"1":0,"2":0,"3":0,"4":0,"5":0,"6":0,"7":0,"8":0,"9":0,"10":0,"11":0},"f":{"0":0,"1":0,"2":0},"b":{"0":[0,0],"1":[0,0]}}
,"/Volumes/Macintosh HD/GB/ GB_1888_1783/fp/src/plugins/ModalWindow/index.js": {"path":"/Volumes/Macintosh HD/GB/ GB_1888_1783/fp/src/plugins/ModalWindow/index.js","statementMap":{"0":{"start":{"line":3,"column":4},"end":{"line":5,"column":5}},"1":{"start":{"line":4,"column":6},"end":{"line":4,"column":12}},"2":{"start":{"line":6,"column":4},"end":{"line":6,"column":25}},"3":{"start":{"line":7,"column":4},"end":{"line":19,"column":5}},"4":{"start":{"line":11,"column":8},"end":{"line":11,"column":56}},"5":{"start":{"line":12,"column":8},"end":{"line":12,"column":43}},"6":{"start":{"line":16,"column":8},"end":{"line":16,"column":35}},"7":{"start":{"line":17,"column":8},"end":{"line":17,"column":27}}},"fnMap":{"0":{"name":"(anonymous_0)","decl":{"start":{"line":2,"column":2},"end":{"line":2,"column":3}},"loc":{"start":{"line":2,"column":15},"end":{"line":20,"column":3}},"line":2},"1":{"name":"(anonymous_1)","decl":{"start":{"line":10,"column":6},"end":{"line":10,"column":7}},"loc":{"start":{"line":10,"column":27},"end":{"line":13,"column":7}},"line":10},"2":{"name":"(anonymous_2)","decl":{"start":{"line":15,"column":6},"end":{"line":15,"column":7}},"loc":{"start":{"line":15,"column":13},"end":{"line":18,"column":7}},"line":15}},"branchMap":{"0":{"loc":{"start":{"line":3,"column":4},"end":{"line":5,"column":5}},"type":"if","locations":[{"start":{"line":3,"column":4},"end":{"line":5,"column":5}},{"start":{},"end":{}}],"line":3}},"s":{"0":0,"1":0,"2":0,"3":0,"4":0,"5":0,"6":0,"7":0},"f":{"0":0,"1":0,"2":0},"b":{"0":[0,0]}}
,"/Volumes/Macintosh HD/GB/ GB_1888_1783/fp/src/router/index.js": {"path":"/Volumes/Macintosh HD/GB/ GB_1888_1783/fp/src/router/index.js","statementMap":{"0":{"start":{"line":6,"column":0},"end":{"line":6,"column":15}},"1":{"start":{"line":8,"column":15},"end":{"line":38,"column":1}},"2":{"start":{"line":12,"column":20},"end":{"line":12,"column":91}},"3":{"start":{"line":17,"column":20},"end":{"line":17,"column":94}},"4":{"start":{"line":22,"column":20},"end":{"line":22,"column":83}},"5":{"start":{"line":27,"column":20},"end":{"line":27,"column":91}},"6":{"start":{"line":40,"column":15},"end":{"line":43,"column":2}},"7":{"start":{"line":45,"column":23},"end":{"line":45,"column":27}},"8":{"start":{"line":47,"column":0},"end":{"line":53,"column":2}},"9":{"start":{"line":48,"column":2},"end":{"line":52,"column":3}},"10":{"start":{"line":49,"column":4},"end":{"line":49,"column":28}},"11":{"start":{"line":51,"column":4},"end":{"line":51,"column":10}},"12":{"start":{"line":55,"column":0},"end":{"line":58,"column":2}},"13":{"start":{"line":56,"column":2},"end":{"line":56,"column":23}},"14":{"start":{"line":57,"column":2},"end":{"line":57,"column":8}},"15":{"start":{"line":60,"column":28},"end":{"line":66,"column":1}},"16":{"start":{"line":61,"column":2},"end":{"line":65,"column":16}},"17":{"start":{"line":68,"column":0},"end":{"line":70,"column":2}},"18":{"start":{"line":69,"column":2},"end":{"line":69,"column":47}}},"fnMap":{"0":{"name":"(anonymous_0)","decl":{"start":{"line":12,"column":15},"end":{"line":12,"column":16}},"loc":{"start":{"line":12,"column":20},"end":{"line":12,"column":91}},"line":12},"1":{"name":"(anonymous_1)","decl":{"start":{"line":17,"column":15},"end":{"line":17,"column":16}},"loc":{"start":{"line":17,"column":20},"end":{"line":17,"column":94}},"line":17},"2":{"name":"(anonymous_2)","decl":{"start":{"line":22,"column":15},"end":{"line":22,"column":16}},"loc":{"start":{"line":22,"column":20},"end":{"line":22,"column":83}},"line":22},"3":{"name":"(anonymous_3)","decl":{"start":{"line":27,"column":15},"end":{"line":27,"column":16}},"loc":{"start":{"line":27,"column":20},"end":{"line":27,"column":91}},"line":27},"4":{"name":"(anonymous_4)","decl":{"start":{"line":47,"column":18},"end":{"line":47,"column":19}},"loc":{"start":{"line":47,"column":36},"end":{"line":53,"column":1}},"line":47},"5":{"name":"(anonymous_5)","decl":{"start":{"line":55,"column":21},"end":{"line":55,"column":22}},"loc":{"start":{"line":55,"column":39},"end":{"line":58,"column":1}},"line":55},"6":{"name":"(anonymous_6)","decl":{"start":{"line":60,"column":28},"end":{"line":60,"column":29}},"loc":{"start":{"line":60,"column":41},"end":{"line":66,"column":1}},"line":60},"7":{"name":"(anonymous_7)","decl":{"start":{"line":68,"column":17},"end":{"line":68,"column":18}},"loc":{"start":{"line":68,"column":23},"end":{"line":70,"column":1}},"line":68}},"branchMap":{"0":{"loc":{"start":{"line":48,"column":2},"end":{"line":52,"column":3}},"type":"if","locations":[{"start":{"line":48,"column":2},"end":{"line":52,"column":3}},{"start":{"line":50,"column":8},"end":{"line":52,"column":3}}],"line":48},"1":{"loc":{"start":{"line":48,"column":5},"end":{"line":48,"column":46}},"type":"binary-expr","locations":[{"start":{"line":48,"column":5},"end":{"line":48,"column":27}},{"start":{"line":48,"column":31},"end":{"line":48,"column":46}}],"line":48}},"s":{"0":0,"1":0,"2":0,"3":0,"4":0,"5":0,"6":0,"7":0,"8":0,"9":0,"10":0,"11":0,"12":0,"13":0,"14":0,"15":0,"16":0,"17":0,"18":0},"f":{"0":0,"1":0,"2":0,"3":0,"4":0,"5":0,"6":0,"7":0},"b":{"0":[0,0],"1":[0,0]}}
,"/Volumes/Macintosh HD/GB/ GB_1888_1783/fp/src/store/index.js": {"path":"/Volumes/Macintosh HD/GB/ GB_1888_1783/fp/src/store/index.js","statementMap":{"0":{"start":{"line":4,"column":0},"end":{"line":4,"column":13}},"1":{"start":{"line":6,"column":18},"end":{"line":21,"column":1}},"2":{"start":{"line":8,"column":4},"end":{"line":8,"column":31}},"3":{"start":{"line":11,"column":4},"end":{"line":11,"column":35}},"4":{"start":{"line":14,"column":4},"end":{"line":14,"column":32}},"5":{"start":{"line":23,"column":16},"end":{"line":29,"column":1}},"6":{"start":{"line":24,"column":28},"end":{"line":24,"column":45}},"7":{"start":{"line":26,"column":4},"end":{"line":26,"column":69}},"8":{"start":{"line":26,"column":50},"end":{"line":26,"column":65}},"9":{"start":{"line":28,"column":26},"end":{"line":28,"column":44}},"10":{"start":{"line":39,"column":6},"end":{"line":53,"column":8}},"11":{"start":{"line":40,"column":8},"end":{"line":50,"column":15}},"12":{"start":{"line":41,"column":24},"end":{"line":41,"column":26}},"13":{"start":{"line":42,"column":10},"end":{"line":49,"column":11}},"14":{"start":{"line":42,"column":20},"end":{"line":42,"column":21}},"15":{"start":{"line":43,"column":12},"end":{"line":48,"column":14}},"16":{"start":{"line":49,"column":12},"end":{"line":49,"column":26}},"17":{"start":{"line":52,"column":8},"end":{"line":52,"column":42}},"18":{"start":{"line":56,"column":6},"end":{"line":60,"column":53}},"19":{"start":{"line":57,"column":8},"end":{"line":59,"column":15}},"20":{"start":{"line":58,"column":10},"end":{"line":58,"column":80}},"21":{"start":{"line":60,"column":23},"end":{"line":60,"column":51}}},"fnMap":{"0":{"name":"(anonymous_0)","decl":{"start":{"line":7,"column":2},"end":{"line":7,"column":3}},"loc":{"start":{"line":7,"column":38},"end":{"line":9,"column":3}},"line":7},"1":{"name":"(anonymous_1)","decl":{"start":{"line":10,"column":2},"end":{"line":10,"column":3}},"loc":{"start":{"line":10,"column":40},"end":{"line":12,"column":3}},"line":10},"2":{"name":"(anonymous_2)","decl":{"start":{"line":13,"column":2},"end":{"line":13,"column":3}},"loc":{"start":{"line":13,"column":31},"end":{"line":15,"column":3}},"line":13},"3":{"name":"(anonymous_3)","decl":{"start":{"line":24,"column":19},"end":{"line":24,"column":20}},"loc":{"start":{"line":24,"column":28},"end":{"line":24,"column":45}},"line":24},"4":{"name":"(anonymous_4)","decl":{"start":{"line":25,"column":23},"end":{"line":25,"column":24}},"loc":{"start":{"line":25,"column":32},"end":{"line":27,"column":3}},"line":25},"5":{"name":"(anonymous_5)","decl":{"start":{"line":26,"column":36},"end":{"line":26,"column":37}},"loc":{"start":{"line":26,"column":50},"end":{"line":26,"column":65}},"line":26},"6":{"name":"(anonymous_6)","decl":{"start":{"line":28,"column":19},"end":{"line":28,"column":20}},"loc":{"start":{"line":28,"column":26},"end":{"line":28,"column":44}},"line":28},"7":{"name":"(anonymous_7)","decl":{"start":{"line":38,"column":4},"end":{"line":38,"column":5}},"loc":{"start":{"line":38,"column":24},"end":{"line":54,"column":5}},"line":38},"8":{"name":"(anonymous_8)","decl":{"start":{"line":39,"column":25},"end":{"line":39,"column":26}},"loc":{"start":{"line":39,"column":36},"end":{"line":51,"column":7}},"line":39},"9":{"name":"(anonymous_9)","decl":{"start":{"line":40,"column":19},"end":{"line":40,"column":20}},"loc":{"start":{"line":40,"column":23},"end":{"line":50,"column":9}},"line":40},"10":{"name":"(anonymous_10)","decl":{"start":{"line":51,"column":14},"end":{"line":51,"column":15}},"loc":{"start":{"line":51,"column":20},"end":{"line":53,"column":7}},"line":51},"11":{"name":"(anonymous_11)","decl":{"start":{"line":55,"column":4},"end":{"line":55,"column":5}},"loc":{"start":{"line":55,"column":32},"end":{"line":61,"column":5}},"line":55},"12":{"name":"(anonymous_12)","decl":{"start":{"line":56,"column":25},"end":{"line":56,"column":26}},"loc":{"start":{"line":56,"column":37},"end":{"line":60,"column":7}},"line":56},"13":{"name":"(anonymous_13)","decl":{"start":{"line":57,"column":19},"end":{"line":57,"column":20}},"loc":{"start":{"line":57,"column":23},"end":{"line":59,"column":9}},"line":57},"14":{"name":"(anonymous_14)","decl":{"start":{"line":60,"column":14},"end":{"line":60,"column":15}},"loc":{"start":{"line":60,"column":21},"end":{"line":60,"column":52}},"line":60}},"branchMap":{},"s":{"0":0,"1":0,"2":0,"3":0,"4":0,"5":0,"6":0,"7":0,"8":0,"9":0,"10":0,"11":0,"12":0,"13":0,"14":0,"15":0,"16":0,"17":0,"18":0,"19":0,"20":0,"21":0},"f":{"0":0,"1":0,"2":0,"3":0,"4":0,"5":0,"6":0,"7":0,"8":0,"9":0,"10":0,"11":0,"12":0,"13":0,"14":0},"b":{}}
,"/Volumes/Macintosh HD/GB/ GB_1888_1783/fp/src/views/HomeView.vue": {"path":"/Volumes/Macintosh HD/GB/ GB_1888_1783/fp/src/views/HomeView.vue","statementMap":{"0":{"start":{"line":16,"column":0},"end":{"line":16,"column":null}},"1":{"start":{"line":17,"column":0},"end":{"line":17,"column":null}},"2":{"start":{"line":18,"column":0},"end":{"line":18,"column":null}}},"fnMap":{},"branchMap":{},"s":{"0":0,"1":0,"2":0},"f":{},"b":{}}
,"/Volumes/Macintosh HD/GB/ GB_1888_1783/fp/src/views/About/AboutView.vue": {"path":"/Volumes/Macintosh HD/GB/ GB_1888_1783/fp/src/views/About/AboutView.vue","statementMap":{"0":{"start":{"line":11,"column":0},"end":{"line":11,"column":null}},"1":{"start":{"line":12,"column":0},"end":{"line":12,"column":null}}},"fnMap":{},"branchMap":{},"s":{"0":0,"1":0},"f":{},"b":{}}
}
